  PluginProcessor.cpp
  PluginEditor.cpp
  include_juce_audio_basics.cpp
  include_juce_audio_devices.cpp
  include_juce_audio_formats.cpp
  include_juce_audio_plugin_client_ARA.cpp
  include_juce_audio_plugin_client_utils.cpp
  include_juce_audio_processors_ara.cpp
  include_juce_audio_processors_lv2_libs.cpp
  include_juce_audio_utils.cpp
  include_juce_core.cpp
  include_juce_data_structures.cpp
  include_juce_events.cpp
  include_juce_graphics.cpp
  include_juce_gui_extra.cpp
d:\users\mike\documents\github\monkephone\monkephone\source\pluginprocessor.cpp(80): warning C4100: 'index': unreferenced formal parameter
d:\users\mike\documents\github\monkephone\monkephone\source\pluginprocessor.cpp(84): warning C4100: 'index': unreferenced formal parameter
d:\users\mike\documents\github\monkephone\monkephone\source\pluginprocessor.cpp(89): warning C4100: 'newName': unreferenced formal parameter
d:\users\mike\documents\github\monkephone\monkephone\source\pluginprocessor.cpp(89): warning C4100: 'index': unreferenced formal parameter
d:\users\mike\documents\github\monkephone\monkephone\source\pluginprocessor.cpp(94): warning C4100: 'samplesPerBlock': unreferenced formal parameter
d:\users\mike\documents\github\monkephone\monkephone\source\pluginprocessor.cpp(94): warning C4100: 'sampleRate': unreferenced formal parameter
d:\users\mike\documents\github\monkephone\monkephone\source\pluginprocessor.cpp(132): warning C4100: 'midiMessages': unreferenced formal parameter
d:\users\mike\documents\github\monkephone\monkephone\source\pluginprocessor.cpp(155): warning C4189: 'channelData': local variable is initialized but not referenced
d:\users\mike\documents\github\monkephone\monkephone\source\pluginprocessor.cpp(173): warning C4100: 'destData': unreferenced formal parameter
d:\users\mike\documents\github\monkephone\monkephone\source\pluginprocessor.cpp(180): warning C4100: 'sizeInBytes': unreferenced formal parameter
d:\users\mike\documents\github\monkephone\monkephone\source\pluginprocessor.cpp(180): warning C4100: 'data': unreferenced formal parameter
  include_juce_audio_processors.cpp
  include_juce_gui_basics.cpp
include_juce_audio_plugin_client_utils.obj : warning LNK4221: This object file does not define any previously undefined public symbols, so it will not be used by any link operation that consumes this library
  monkephone_SharedCode.vcxproj -> D:\Users\Mike\Documents\GitHub\Monkephone\monkephone\Builds\VisualStudio2017\x64\Debug\Shared Code\monkephone.lib
